<?xml version="1.0" encoding="utf-8"?><testsuites><testsuite errors="0" failures="2" hostname="sneha-hp-pavilion-notebook" name="pytest" skipped="0" tests="5" time="0.043" timestamp="2019-10-20T18:38:47.585582"><testcase classname="para" file="para.py" line="2" name="test_multiplication_11[1-11]" time="0.001"></testcase><testcase classname="para" file="para.py" line="2" name="test_multiplication_11[2-22]" time="0.001"></testcase><testcase classname="para" file="para.py" line="2" name="test_multiplication_11[3-35]" time="0.001"><failure message="assert 33 == 35
  -33
  +35">num = 3, output = 35

    @pytest.mark.parametrize(&quot;num, output&quot;,[(1,11),(2,22),(3,35),(4,44),(5,54)])
    def test_multiplication_11(num, output):
&gt;      assert 11*num == output
E      assert 33 == 35
E        -33
E        +35

para.py:5: AssertionError</failure></testcase><testcase classname="para" file="para.py" line="2" name="test_multiplication_11[4-44]" time="0.001"></testcase><testcase classname="para" file="para.py" line="2" name="test_multiplication_11[5-54]" time="0.001"><failure message="assert 55 == 54
  -55
  +54">num = 5, output = 54

    @pytest.mark.parametrize(&quot;num, output&quot;,[(1,11),(2,22),(3,35),(4,44),(5,54)])
    def test_multiplication_11(num, output):
&gt;      assert 11*num == output
E      assert 55 == 54
E        -55
E        +54

para.py:5: AssertionError</failure></testcase></testsuite></testsuites>